{"D:\\GitHub\\RSS_Stage3_React\\src\\components\\Header.tsx": {"path":"D:\\GitHub\\RSS_Stage3_React\\src\\components\\Header.tsx","all":false,"statementMap":{"0":{"start":{"line":1,"column":0},"end":{"line":1,"column":37}},"2":{"start":{"line":3,"column":0},"end":{"line":3,"column":41}},"17":{"start":{"line":18,"column":0},"end":{"line":18,"column":44}},"24":{"start":{"line":25,"column":0},"end":{"line":25,"column":17}},"25":{"start":{"line":26,"column":0},"end":{"line":26,"column":13}},"26":{"start":{"line":27,"column":0},"end":{"line":27,"column":16}},"27":{"start":{"line":28,"column":0},"end":{"line":28,"column":7}},"28":{"start":{"line":29,"column":0},"end":{"line":29,"column":74}},"29":{"start":{"line":30,"column":0},"end":{"line":30,"column":38}},"30":{"start":{"line":31,"column":0},"end":{"line":31,"column":59}},"31":{"start":{"line":32,"column":0},"end":{"line":32,"column":4}},"33":{"start":{"line":34,"column":0},"end":{"line":34,"column":10}},"34":{"start":{"line":35,"column":0},"end":{"line":35,"column":47}},"35":{"start":{"line":36,"column":0},"end":{"line":36,"column":38}},"36":{"start":{"line":37,"column":0},"end":{"line":37,"column":47}},"37":{"start":{"line":38,"column":0},"end":{"line":38,"column":14}},"38":{"start":{"line":39,"column":0},"end":{"line":39,"column":40}},"39":{"start":{"line":40,"column":0},"end":{"line":40,"column":21}},"40":{"start":{"line":41,"column":0},"end":{"line":41,"column":30}},"41":{"start":{"line":42,"column":0},"end":{"line":42,"column":28}},"42":{"start":{"line":43,"column":0},"end":{"line":43,"column":35}},"43":{"start":{"line":44,"column":0},"end":{"line":44,"column":10}},"44":{"start":{"line":45,"column":0},"end":{"line":45,"column":12}},"45":{"start":{"line":46,"column":0},"end":{"line":46,"column":62}},"46":{"start":{"line":47,"column":0},"end":{"line":47,"column":13}},"48":{"start":{"line":49,"column":0},"end":{"line":49,"column":2}},"50":{"start":{"line":51,"column":0},"end":{"line":51,"column":22}}},"s":{"0":1,"2":1,"17":1,"24":3,"25":3,"26":3,"27":3,"28":3,"29":0,"30":0,"31":0,"33":3,"34":3,"35":3,"36":3,"37":3,"38":3,"39":3,"40":3,"41":3,"42":3,"43":3,"44":3,"45":3,"46":3,"48":3,"50":1},"branchMap":{"0":{"type":"branch","line":18,"loc":{"start":{"line":18,"column":42},"end":{"line":49,"column":2}},"locations":[{"start":{"line":18,"column":42},"end":{"line":49,"column":2}}]},"1":{"type":"branch","line":46,"loc":{"start":{"line":46,"column":23},"end":{"line":46,"column":47}},"locations":[{"start":{"line":46,"column":23},"end":{"line":46,"column":47}}]}},"b":{"0":[3],"1":[1]},"fnMap":{"0":{"name":"Header","decl":{"start":{"line":18,"column":42},"end":{"line":49,"column":2}},"loc":{"start":{"line":18,"column":42},"end":{"line":49,"column":2}},"line":18},"1":{"name":"handleOnChange","decl":{"start":{"line":29,"column":25},"end":{"line":32,"column":4}},"loc":{"start":{"line":29,"column":25},"end":{"line":32,"column":4}},"line":29},"2":{"name":"onClick","decl":{"start":{"line":46,"column":23},"end":{"line":46,"column":47}},"loc":{"start":{"line":46,"column":23},"end":{"line":46,"column":47}},"line":46}},"f":{"0":3,"1":0,"2":1}}
}
